<?xml version="1.0" encoding="UTF-8"?>
<!-- Generated by org.testng.reporters.JUnitXMLReporter -->
<testsuite ignored="0" hostname="SaiPrakash-PF2EBEMK" failures="0" tests="2" name="Default test" time="17.717" errors="0" timestamp="2024-05-31T14:34:49 IST">
  <testcase classname="org.enmovil.atf.testscripts.LoginPageTestScripts" name="loginPage on [LoginPageTestScripts passed=0 failed=0 skipped=0]" time="7.024"/>
  <testcase classname="org.enmovil.atf.testscripts.LoginPageTestScripts" name="sideMenuList on [LoginPageTestScripts passed=0 failed=0 skipped=0]" time="6.816"/>
</testsuite> <!-- Default test -->
