<?xml version="1.0" encoding="UTF-8"?>
<testng-results ignored="0" total="1" passed="1" failed="0" skipped="0">
  <reporter-output>
  </reporter-output>
  <suite started-at="2024-06-04T15:51:38 IST" name="Default suite" finished-at="2024-06-04T15:52:02 IST" duration-ms="24327">
    <groups>
    </groups>
    <test started-at="2024-06-04T15:51:38 IST" name="Default test" finished-at="2024-06-04T15:52:02 IST" duration-ms="24327">
      <class name="org.enmovil.atf.testscripts.LoginPageTestScripts">
        <test-method is-config="true" signature="startReport()[pri:0, instance:[LoginPageTestScripts passed=0 failed=0 skipped=0]]" started-at="2024-06-04T15:51:38 IST" name="startReport" finished-at="2024-06-04T15:51:38 IST" duration-ms="211" status="PASS">
          <reporter-output>
          </reporter-output>
        </test-method> <!-- startReport -->
        <test-method is-config="true" signature="init()[pri:0, instance:[LoginPageTestScripts passed=0 failed=0 skipped=0]]" started-at="2024-06-04T15:51:38 IST" name="init" finished-at="2024-06-04T15:51:55 IST" duration-ms="17291" status="PASS">
          <reporter-output>
          </reporter-output>
        </test-method> <!-- init -->
        <test-method signature="sideMenuList()[pri:0, instance:[LoginPageTestScripts passed=0 failed=0 skipped=0]]" started-at="2024-06-04T15:51:55 IST" name="sideMenuList" description="Open Side Menu list in AMNS Application and navigate" finished-at="2024-06-04T15:52:02 IST" duration-ms="6536" status="PASS">
          <reporter-output>
          </reporter-output>
        </test-method> <!-- sideMenuList -->
        <test-method is-config="true" signature="getResult(org.testng.ITestResult)[pri:0, instance:[LoginPageTestScripts passed=0 failed=0 skipped=0]]" started-at="2024-06-04T15:52:02 IST" name="getResult" finished-at="2024-06-04T15:52:02 IST" duration-ms="211" status="PASS">
          <params>
            <param index="0">
              <value>
                <![CDATA[[TestResult name=sideMenuList on [LoginPageTestScripts passed=0 failed=0 skipped=0] status=SUCCESS method=LoginPageTestScripts.sideMenuList()[pri:0, instance:[LoginPageTestScripts passed=0 failed=0 skipped=0]] output={null}]]]>
              </value>
            </param>
          </params>
          <reporter-output>
          </reporter-output>
        </test-method> <!-- getResult -->
        <test-method is-config="true" signature="tearDown()[pri:0, instance:[LoginPageTestScripts passed=0 failed=0 skipped=0]]" started-at="2024-06-04T15:52:02 IST" name="tearDown" finished-at="2024-06-04T15:52:02 IST" duration-ms="269" status="PASS">
          <reporter-output>
          </reporter-output>
        </test-method> <!-- tearDown -->
        <test-method is-config="true" signature="endReport()[pri:0, instance:[LoginPageTestScripts passed=0 failed=0 skipped=0]]" started-at="2024-06-04T15:52:02 IST" name="endReport" finished-at="2024-06-04T15:52:03 IST" duration-ms="365" status="PASS">
          <reporter-output>
          </reporter-output>
        </test-method> <!-- endReport -->
      </class> <!-- org.enmovil.atf.testscripts.LoginPageTestScripts -->
    </test> <!-- Default test -->
  </suite> <!-- Default suite -->
</testng-results>
