<?xml version="1.0" encoding="UTF-8"?>
<testng-results ignored="0" total="1" passed="1" failed="0" skipped="0">
  <reporter-output>
  </reporter-output>
  <suite started-at="2024-06-04T12:08:07 IST" name="AMNS Sanity suite" finished-at="2024-06-04T12:08:24 IST" duration-ms="17294">
    <groups>
    </groups>
    <test started-at="2024-06-04T12:08:07 IST" name="Test on Chrome" finished-at="2024-06-04T12:08:24 IST" duration-ms="17294">
      <class name="org.enmovil.atf.testscripts.LoginPageTestScripts">
        <test-method is-config="true" signature="startReport()[pri:0, instance:[LoginPageTestScripts passed=0 failed=0 skipped=0]]" started-at="2024-06-04T12:08:07 IST" name="startReport" finished-at="2024-06-04T12:08:07 IST" duration-ms="279" status="PASS">
          <reporter-output>
          </reporter-output>
        </test-method> <!-- startReport -->
        <test-method is-config="true" signature="init()[pri:0, instance:[LoginPageTestScripts passed=0 failed=0 skipped=0]]" started-at="2024-06-04T12:08:07 IST" name="init" finished-at="2024-06-04T12:08:17 IST" duration-ms="9848" status="PASS">
          <reporter-output>
          </reporter-output>
        </test-method> <!-- init -->
        <test-method signature="sideMenuList()[pri:0, instance:[LoginPageTestScripts passed=0 failed=0 skipped=0]]" started-at="2024-06-04T12:08:17 IST" name="sideMenuList" description="Open Side Menu list in AMNS Application" finished-at="2024-06-04T12:08:24 IST" duration-ms="7151" status="PASS">
          <reporter-output>
          </reporter-output>
        </test-method> <!-- sideMenuList -->
        <test-method is-config="true" signature="getResult(org.testng.ITestResult)[pri:0, instance:[LoginPageTestScripts passed=0 failed=0 skipped=0]]" started-at="2024-06-04T12:08:24 IST" name="getResult" finished-at="2024-06-04T12:08:24 IST" duration-ms="257" status="PASS">
          <params>
            <param index="0">
              <value>
                <![CDATA[[TestResult name=sideMenuList on [LoginPageTestScripts passed=0 failed=0 skipped=0] status=SUCCESS method=LoginPageTestScripts.sideMenuList()[pri:0, instance:[LoginPageTestScripts passed=0 failed=0 skipped=0]] output={null}]]]>
              </value>
            </param>
          </params>
          <reporter-output>
          </reporter-output>
        </test-method> <!-- getResult -->
        <test-method is-config="true" signature="endReport()[pri:0, instance:[LoginPageTestScripts passed=0 failed=0 skipped=0]]" started-at="2024-06-04T12:08:24 IST" name="endReport" finished-at="2024-06-04T12:08:25 IST" duration-ms="649" status="PASS">
          <reporter-output>
          </reporter-output>
        </test-method> <!-- endReport -->
      </class> <!-- org.enmovil.atf.testscripts.LoginPageTestScripts -->
    </test> <!-- Test on Chrome -->
  </suite> <!-- AMNS Sanity suite -->
</testng-results>
